生成启动时间为 3/23/2016 2:27:47 PM。
     1>项目“D:\justtest\shapedemo1\src\shapedemo1\shapedemo1.vcxproj”在节点 2 上(Build 个目标)。
     1>ClCompile:
         D:\Program Files (x86)\Microsoft Visual Studio 12.0\VC\bin\CL.exe /c /ZI /nologo /W3 /WX- /sdl /Od /Oy- /D WIN32 /D _DEBUG /D _CONSOLE /D _LIB /D _UNICODE /D UNICODE /Gm /EHsc /RTC1 /MDd /GS /fp:precise /Zc:wchar_t /Zc:forScope /Yu"stdafx.h" /Fp"Debug\shapedemo1.pch" /Fo"Debug\\" /Fd"Debug\vc120.pdb" /Gd /TP /analyze- /errorReport:prompt Rectangle.cpp Triangle.cpp
         Triangle.cpp
         Rectangle.cpp
         正在生成代码...
     1>d:\justtest\shapedemo1\src\shapedemo1\rectangle.cpp(44): warning C4715: “Rectangle::GetArea”: 不是所有的控件路径都返回值
       Link:
         D:\Program Files (x86)\Microsoft Visual Studio 12.0\VC\bin\link.exe /ERRORREPORT:PROMPT /OUT:"D:\justtest\shapedemo1\src\shapedemo1\Debug\shapedemo1.exe" /INCREMENTAL /NOLOGO kernel32.lib user32.lib gdi32.lib winspool.lib comdlg32.lib advapi32.lib shell32.lib ole32.lib oleaut32.lib uuid.lib odbc32.lib odbccp32.lib /MANIFEST /MANIFESTUAC:"level='asInvoker' uiAccess='false'" /manifest:embed /DEBUG /PDB:"D:\justtest\shapedemo1\src\shapedemo1\Debug\shapedemo1.pdb" /SUBSYSTEM:CONSOLE /TLBID:1 /DYNAMICBASE /NXCOMPAT /IMPLIB:"D:\justtest\shapedemo1\src\shapedemo1\Debug\shapedemo1.lib" /MACHINE:X86 Debug\Circle.obj
         Debug\Expression.obj
         Debug\IsRectangle.obj
         Debug\IsTriangle.obj
         Debug\Rectangle.obj
         Debug\Shape.obj
         Debug\shapedemo.obj
         Debug\Square.obj
         Debug\stdafx.obj
         Debug\test.obj
         Debug\Triangle.obj
         shapedemo1.vcxproj -> D:\justtest\shapedemo1\src\shapedemo1\Debug\shapedemo1.exe
     1>已完成生成项目“D:\justtest\shapedemo1\src\shapedemo1\shapedemo1.vcxproj”(Build 个目标)的操作。

生成成功。

已用时间 00:00:01.29
